-------------------------------------------------------------------------------
Test set: com.OSA.OSA.OsaApplicationTests
-------------------------------------------------------------------------------
Tests run: 1, Failures: 0, Errors: 1, Skipped: 0, Time elapsed: 2.434 s <<< FAILURE! - in com.OSA.OSA.OsaApplicationTests
contextLoads  Time elapsed: 0.007 s  <<< ERROR!
java.lang.IllegalStateException: Failed to load ApplicationContext
Caused by: org.springframework.beans.factory.BeanCreationException: Error creating bean with name 'entityManagerFactory' defined in class path resource [org/springframework/boot/autoconfigure/orm/jpa/HibernateJpaConfiguration.class]: Invocation of init method failed; nested exception is org.hibernate.MappingException: Unable to find column with logical name: user_id in org.hibernate.mapping.Table(products) and its related supertables and secondary tables
Caused by: org.hibernate.MappingException: Unable to find column with logical name: user_id in org.hibernate.mapping.Table(products) and its related supertables and secondary tables

